<?xml version="1.0" encoding="UTF-8"?>
<!-- Generated by org.testng.reporters.JUnitReportReporter -->
<testsuite hostname="LAPTOP-K8E9T8P4" name="driverfactors.TestScript" tests="1" failures="0" timestamp="22 Sep 2022 08:06:36 GMT" time="4.997" errors="0">
  <testcase name="EmpCreation" time="4.997" classname="driverfactors.TestScript"/>
</testsuite> <!-- driverfactors.TestScript -->
